<?xml version="1.0" encoding="UTF-8"?>
<testsuite xmlns:xsi="http://www.w3.org/2001/XMLSchema-instance" xsi:noNamespaceSchemaLocation="https://maven.apache.org/surefire/maven-surefire-plugin/xsd/surefire-test-report-3.0.xsd" version="3.0" name="AppTest" time="0.623" tests="2" errors="0" skipped="0" failures="0">
  <properties>
    <property name="java.specification.version" value="21"/>
    <property name="sun.cpu.isalist" value="amd64"/>
    <property name="sun.jnu.encoding" value="Cp1252"/>
    <property name="java.class.path" value="C:\Users\cicer\Documents\JV\Serio\INFNET\cleanCode\testes\tp2\joao.ramos.tp2\target\test-classes;C:\Users\cicer\Documents\JV\Serio\INFNET\cleanCode\testes\tp2\joao.ramos.tp2\target\classes;C:\Users\cicer\.m2\repository\net\jqwik\jqwik\1.9.2\jqwik-1.9.2.jar;C:\Users\cicer\.m2\repository\org\apiguardian\apiguardian-api\1.1.2\apiguardian-api-1.1.2.jar;C:\Users\cicer\.m2\repository\net\jqwik\jqwik-api\1.9.2\jqwik-api-1.9.2.jar;C:\Users\cicer\.m2\repository\net\jqwik\jqwik-web\1.9.2\jqwik-web-1.9.2.jar;C:\Users\cicer\.m2\repository\net\jqwik\jqwik-time\1.9.2\jqwik-time-1.9.2.jar;C:\Users\cicer\.m2\repository\net\jqwik\jqwik-engine\1.9.2\jqwik-engine-1.9.2.jar;C:\Users\cicer\.m2\repository\org\junit\platform\junit-platform-engine\1.11.3\junit-platform-engine-1.11.3.jar;C:\Users\cicer\.m2\repository\org\junit\jupiter\junit-jupiter-api\5.9.2\junit-jupiter-api-5.9.2.jar;C:\Users\cicer\.m2\repository\org\opentest4j\opentest4j\1.2.0\opentest4j-1.2.0.jar;C:\Users\cicer\.m2\repository\org\junit\platform\junit-platform-commons\1.9.2\junit-platform-commons-1.9.2.jar;"/>
    <property name="java.vm.vendor" value="Oracle Corporation"/>
    <property name="sun.arch.data.model" value="64"/>
    <property name="user.variant" value=""/>
    <property name="java.vendor.url" value="https://java.oracle.com/"/>
    <property name="user.timezone" value="America/Sao_Paulo"/>
    <property name="os.name" value="Windows 11"/>
    <property name="java.vm.specification.version" value="21"/>
    <property name="sun.java.launcher" value="SUN_STANDARD"/>
    <property name="user.country" value="BR"/>
    <property name="sun.boot.library.path" value="C:\Program Files\Java\jdk-21\bin"/>
    <property name="sun.java.command" value="C:\Users\cicer\AppData\Local\Temp\surefire10603384555706430908\surefirebooter-20250330185739586_3.jar C:\Users\cicer\AppData\Local\Temp\surefire10603384555706430908 2025-03-30T18-57-39_408-jvmRun1 surefire-20250330185739586_1tmp surefire_0-20250330185739586_2tmp"/>
    <property name="jdk.debug" value="release"/>
    <property name="surefire.test.class.path" value="C:\Users\cicer\Documents\JV\Serio\INFNET\cleanCode\testes\tp2\joao.ramos.tp2\target\test-classes;C:\Users\cicer\Documents\JV\Serio\INFNET\cleanCode\testes\tp2\joao.ramos.tp2\target\classes;C:\Users\cicer\.m2\repository\net\jqwik\jqwik\1.9.2\jqwik-1.9.2.jar;C:\Users\cicer\.m2\repository\org\apiguardian\apiguardian-api\1.1.2\apiguardian-api-1.1.2.jar;C:\Users\cicer\.m2\repository\net\jqwik\jqwik-api\1.9.2\jqwik-api-1.9.2.jar;C:\Users\cicer\.m2\repository\net\jqwik\jqwik-web\1.9.2\jqwik-web-1.9.2.jar;C:\Users\cicer\.m2\repository\net\jqwik\jqwik-time\1.9.2\jqwik-time-1.9.2.jar;C:\Users\cicer\.m2\repository\net\jqwik\jqwik-engine\1.9.2\jqwik-engine-1.9.2.jar;C:\Users\cicer\.m2\repository\org\junit\platform\junit-platform-engine\1.11.3\junit-platform-engine-1.11.3.jar;C:\Users\cicer\.m2\repository\org\junit\jupiter\junit-jupiter-api\5.9.2\junit-jupiter-api-5.9.2.jar;C:\Users\cicer\.m2\repository\org\opentest4j\opentest4j\1.2.0\opentest4j-1.2.0.jar;C:\Users\cicer\.m2\repository\org\junit\platform\junit-platform-commons\1.9.2\junit-platform-commons-1.9.2.jar;"/>
    <property name="sun.cpu.endian" value="little"/>
    <property name="user.home" value="C:\Users\cicer"/>
    <property name="user.language" value="pt"/>
    <property name="java.specification.vendor" value="Oracle Corporation"/>
    <property name="java.version.date" value="2025-01-21"/>
    <property name="java.home" value="C:\Program Files\Java\jdk-21"/>
    <property name="file.separator" value="\"/>
    <property name="basedir" value="C:\Users\cicer\Documents\JV\Serio\INFNET\cleanCode\testes\tp2\joao.ramos.tp2"/>
    <property name="java.vm.compressedOopsMode" value="32-bit"/>
    <property name="line.separator" value="&#10;"/>
    <property name="java.vm.specification.vendor" value="Oracle Corporation"/>
    <property name="java.specification.name" value="Java Platform API Specification"/>
    <property name="surefire.real.class.path" value="C:\Users\cicer\AppData\Local\Temp\surefire10603384555706430908\surefirebooter-20250330185739586_3.jar"/>
    <property name="user.script" value=""/>
    <property name="sun.management.compiler" value="HotSpot 64-Bit Tiered Compilers"/>
    <property name="java.runtime.version" value="21.0.6+8-LTS-188"/>
    <property name="user.name" value="cicer"/>
    <property name="stdout.encoding" value="Cp1252"/>
    <property name="path.separator" value=";"/>
    <property name="os.version" value="10.0"/>
    <property name="java.runtime.name" value="Java(TM) SE Runtime Environment"/>
    <property name="file.encoding" value="UTF-8"/>
    <property name="java.vm.name" value="Java HotSpot(TM) 64-Bit Server VM"/>
    <property name="localRepository" value="C:\Users\cicer\.m2\repository"/>
    <property name="java.vendor.url.bug" value="https://bugreport.java.com/bugreport/"/>
    <property name="java.io.tmpdir" value="C:\Users\cicer\AppData\Local\Temp\"/>
    <property name="java.version" value="21.0.6"/>
    <property name="user.dir" value="C:\Users\cicer\Documents\JV\Serio\INFNET\cleanCode\testes\tp2\joao.ramos.tp2"/>
    <property name="os.arch" value="amd64"/>
    <property name="java.vm.specification.name" value="Java Virtual Machine Specification"/>
    <property name="sun.os.patch.level" value=""/>
    <property name="native.encoding" value="Cp1252"/>
    <property name="java.library.path" value="C:\Program Files\Java\jdk-21\bin;C:\WINDOWS\Sun\Java\bin;C:\WINDOWS\system32;C:\WINDOWS;C:\Program Files\Common Files\Oracle\Java\javapath;C:\WINDOWS\system32;C:\WINDOWS;C:\WINDOWS\System32\Wbem;C:\WINDOWS\System32\WindowsPowerShell\v1.0\;C:\WINDOWS\System32\OpenSSH\;C:\Program Files\Microsoft SQL Server\130\Tools\Binn\;C:\Program Files\Git\cmd;C:\Program Files\Microsoft SQL Server\150\Tools\Binn\;C:\Program Files\Microsoft SQL Server\Client SDK\ODBC\170\Tools\Binn\;C:\Program Files\dotnet\;C:\WINDOWS\system32;C:\WINDOWS;C:\WINDOWS\System32\Wbem;C:\WINDOWS\System32\WindowsPowerShell\v1.0\;C:\WINDOWS\System32\OpenSSH\;C:\Program Files\nodejs\;C:\Program Files\maven\apache-maven-3.9.5\bin;C:\Program Files\GitHub CLI\;C:\Program Files\Docker\Docker\resources\bin;C:\Users\cicer\Documents\z - Ruby\Ruby31-x64\bin;C:\Program Files\Ruby31-x64\bin;C:\Program Files\RailsInstaller\Git\cmd;C:\Program Files\RailsInstaller\Ruby2.3.3\bin;C:\Users\cicer\AppData\Local\Microsoft\WindowsApps;C:\Users\cicer\.dotnet\tools;C:\Users\cicer\AppData\Local\Programs\Microsoft VS Code\bin;C:\Users\cicer\AppData\Roaming\npm;C:\Program Files\JetBrains\IntelliJ IDEA Community Edition 2023.2.3\bin;;C:\Users\cicer\Documents\JV\Serio\INFNET\DesempenhoEmC\CLion 2023.3.3\bin;;C:\Users\cicer\Documents\JV\z - Flutter\flutter\bin;."/>
    <property name="java.vm.info" value="mixed mode, sharing"/>
    <property name="stderr.encoding" value="Cp1252"/>
    <property name="java.vendor" value="Oracle Corporation"/>
    <property name="java.vm.version" value="21.0.6+8-LTS-188"/>
    <property name="sun.io.unicode.encoding" value="UnicodeLittle"/>
    <property name="java.class.version" value="65.0"/>
  </properties>
  <testcase name="somaDeDoisNumerosEhComutativa" classname="AppTest" time="0.418">
    <system-out><![CDATA[timestamp = 2025-03-30T18:57:40.744492600, AppTest:somaDeDoisNumerosEhComutativa = 
                              |-----------------------jqwik-----------------------
tries = 1000                  | # of calls to property
checks = 1000                 | # of not rejected calls
generation = RANDOMIZED       | parameters are randomly generated
after-failure = SAMPLE_FIRST  | try previously failed sample, then previous seed
when-fixed-seed = ALLOW       | fixing the random seed is allowed
edge-cases#mode = MIXIN       | edge cases are mixed in
edge-cases#total = 81         | # of all combined edge cases
edge-cases#tried = 81         | # of edge cases tried in current run
seed = 7883751671468102218    | random seed to reproduce generated values


]]></system-out>
    <system-err><![CDATA[mar. 30, 2025 6:57:40 PM net.jqwik.engine.execution.AfterFailureParametersGenerator logAfterFailureHandling
INFO: After Failure Handling: SAMPLE_FIRST, Previous Generation: <GenerationInfo(7883751671468102218, 1, [size=2])>
]]></system-err>
  </testcase>
  <testcase name="concatenacaoNaoAlteraTamanho" classname="AppTest" time="0.178">
    <system-out><![CDATA[timestamp = 2025-03-30T18:57:40.932507500, AppTest:concatenacaoNaoAlteraTamanho = 
                              |-----------------------jqwik-----------------------
tries = 1000                  | # of calls to property
checks = 1000                 | # of not rejected calls
generation = RANDOMIZED       | parameters are randomly generated
after-failure = SAMPLE_FIRST  | try previously failed sample, then previous seed
when-fixed-seed = ALLOW       | fixing the random seed is allowed
edge-cases#mode = MIXIN       | edge cases are mixed in
edge-cases#total = 9          | # of all combined edge cases
edge-cases#tried = 9          | # of edge cases tried in current run
seed = 7131001399892230569    | random seed to reproduce generated values


]]></system-out>
  </testcase>
</testsuite>